[debug] [2019-09-08T08:35:56.628Z] ----------------------------------------------------------------------
[debug] [2019-09-08T08:35:56.630Z] Command:       /Users/fernandojne/.nvm/versions/node/v10.13.0/bin/node /Users/fernandojne/.nvm/versions/node/v10.13.0/bin/firebase serve
[debug] [2019-09-08T08:35:56.630Z] CLI Version:   7.3.1
[debug] [2019-09-08T08:35:56.630Z] Platform:      darwin
[debug] [2019-09-08T08:35:56.630Z] Node Version:  v10.13.0
[debug] [2019-09-08T08:35:56.631Z] Time:          Sun Sep 08 2019 03:35:56 GMT-0500 (Colombia Standard Time)
[debug] [2019-09-08T08:35:56.631Z] ----------------------------------------------------------------------
[debug] 
[debug] [2019-09-08T08:35:56.642Z] > command requires scopes: ["email","openid","https://www.googleapis.com/auth/cloudplatformprojects.readonly","https://www.googleapis.com/auth/firebase","https://www.googleapis.com/auth/cloud-platform"]
[debug] [2019-09-08T08:35:56.643Z] > authorizing via signed-in user
[debug] [2019-09-08T08:35:56.643Z] [iam] checking project lovenfriendship-88ca5 for permissions ["firebase.projects.get"]
[debug] [2019-09-08T08:35:56.645Z] >>> HTTP REQUEST POST https://cloudresourcemanager.googleapis.com/v1/projects/lovenfriendship-88ca5:testIamPermissions  

[debug] [2019-09-08T08:35:57.333Z] <<< HTTP RESPONSE 200
[debug] [2019-09-08T08:35:57.336Z] >>> HTTP REQUEST GET https://firebase.googleapis.com/v1beta1/projects/lovenfriendship-88ca5  
 
[debug] [2019-09-08T08:35:57.676Z] <<< HTTP RESPONSE 200
[info] 
[info] === Serving from '/Users/fernandojne/work/lovenfriendship'...
[info] 
[debug] [2019-09-08T08:35:57.680Z] >>> HTTP REQUEST GET https://firebase.googleapis.com/v1beta1/projects/lovenfriendship-88ca5/webApps/-/config  
 
[debug] [2019-09-08T08:35:58.203Z] <<< HTTP RESPONSE 200
[info] i  hosting: Serving hosting files from: dist
[info] ✔  hosting: Local server: http://localhost:5000
